<?xml version="1.0" encoding="UTF-8"?>
<!-- Generated by org.testng.reporters.JUnitReportReporter -->
<testsuite hostname="INHYLTVENUTHOTA" failures="0" tests="1" name="testcases.registrationTest" time="67.546" errors="0" timestamp="2022-06-26T10:40:27 IST" skipped="0">
  <testcase classname="testcases.registrationTest" name="TC_01_Verify_UserRegistrationIsSuccessfull" time="67.546"/>
  <system-out/>
</testsuite> <!-- testcases.registrationTest -->
