<?xml version="1.0" encoding="UTF-8"?>
<!-- Generated by org.testng.reporters.JUnitReportReporter -->
<testsuite hostname="INHYLTVENUTHOTA" failures="0" tests="4" name="testcases.Location_Management" time="76.883" errors="0" timestamp="2022-08-08T10:14:12 IST" skipped="0">
  <testcase classname="testcases.Location_Management" name="TC_01_CreateLocation_as_PP_Operator_and_DefaultRates" time="19.783"/>
  <system-out/>
  <testcase classname="testcases.Location_Management" name="TC_02_CreateLocation_as_PP_Operator_and_EVRates" time="19.317"/>
  <system-out/>
  <testcase classname="testcases.Location_Management" name="TC_03_CreateLocation_as_Other_Operator_and_DefaultRates" time="19.867"/>
  <system-out/>
  <testcase classname="testcases.Location_Management" name="TC_04_CreateLocation_as_Other_Operator_and_EVRates" time="17.916"/>
  <system-out/>
</testsuite> <!-- testcases.Location_Management -->
