<?xml version="1.0" encoding="UTF-8"?>
<!-- Generated by org.testng.reporters.JUnitReportReporter -->
<testsuite hostname="INHYLTVENUTHOTA" failures="0" tests="2" name="testcases.TestSuite1" time="26.011" errors="0" timestamp="2022-07-08T18:52:25 IST" skipped="0">
  <testcase classname="testcases.TestSuite1" name="TC_01_Login" time="19.569"/>
  <system-out/>
  <testcase classname="testcases.TestSuite1" name="TC_02_Login" time="6.442"/>
  <system-out/>
</testsuite> <!-- testcases.TestSuite1 -->
